<!DOCTYPE html>
<html>
<head>
<meta http-equiv="Content-Type" content="text/html; charset=utf-8"/>
<meta http-equiv="x-ua-compatible" content="IE=edge"/>
<title>Test results - Test Summary</title>
<link href="css/base-style.css" rel="stylesheet" type="text/css"/>
<link href="css/style.css" rel="stylesheet" type="text/css"/>
<script src="js/report.js" type="text/javascript"></script>
</head>
<body>
<div id="content">
<h1>Test Summary</h1>
<div id="summary">
<table>
<tr>
<td>
<div class="summaryGroup">
<table>
<tr>
<td>
<div class="infoBox" id="tests">
<div class="counter">1108</div>
<p>tests</p>
</div>
</td>
<td>
<div class="infoBox" id="failures">
<div class="counter">0</div>
<p>failures</p>
</div>
</td>
<td>
<div class="infoBox" id="ignored">
<div class="counter">7</div>
<p>ignored</p>
</div>
</td>
<td>
<div class="infoBox" id="duration">
<div class="counter">6.362s</div>
<p>duration</p>
</div>
</td>
</tr>
</table>
</div>
</td>
<td>
<div class="infoBox skipped" id="successRate">
<div class="percent">100%</div>
<p>successful</p>
</div>
</td>
</tr>
</table>
</div>
<div id="tabs">
<ul class="tabLinks">
<li>
<a href="#tab0">Ignored tests</a>
</li>
<li>
<a href="#tab1">Packages</a>
</li>
<li>
<a href="#tab2">Classes</a>
</li>
</ul>
<div id="tab0" class="tab">
<h2>Ignored tests</h2>
<ul class="linkList">
<li>
<a href="classes/org.junit.internal.runners.statements.FailOnTimeoutTest.html">FailOnTimeoutTest</a>.
<a href="classes/org.junit.internal.runners.statements.FailOnTimeoutTest.html#lookingForStuckThread_threadGroupNotLeaked[lookingForStuckThread = false]">lookingForStuckThread_threadGroupNotLeaked[lookingForStuckThread = false]</a>
</li>
<li>
<a href="classes/org.junit.internal.runners.statements.FailOnTimeoutTest.html">FailOnTimeoutTest</a>.
<a href="classes/org.junit.internal.runners.statements.FailOnTimeoutTest.html#notLookingForStuckThread_usesSameThreadGroup[lookingForStuckThread = true]">notLookingForStuckThread_usesSameThreadGroup[lookingForStuckThread = true]</a>
</li>
<li>
<a href="classes/org.junit.rules.TempFolderRuleTest.html">TempFolderRuleTest</a>.
<a href="classes/org.junit.rules.TempFolderRuleTest.html#tempFolderIsOnlyAccessibleByOwner">tempFolderIsOnlyAccessibleByOwner</a>
</li>
<li>
<a href="classes/org.junit.rules.TemporaryFolderUsageTest.html">TemporaryFolderUsageTest</a>.
<a href="classes/org.junit.rules.TemporaryFolderUsageTest.html#newFolderWithGivenFolderThrowsIOExceptionWhenFolderCannotBeCreated">newFolderWithGivenFolderThrowsIOExceptionWhenFolderCannotBeCreated</a>
</li>
<li>
<a href="classes/org.junit.tests.experimental.theories.runner.TheoriesPerformanceTest.html">TheoriesPerformanceTest</a>.
<a href="classes/org.junit.tests.experimental.theories.runner.TheoriesPerformanceTest.html#tryCombinationsQuickly">tryCombinationsQuickly</a>
</li>
<li>
<a href="classes/org.junit.tests.running.methods.TimeoutTest.html">TimeoutTest</a>.
<a href="classes/org.junit.tests.running.methods.TimeoutTest.html#infiniteLoopRunsForApproximatelyLengthOfTimeout">infiniteLoopRunsForApproximatelyLengthOfTimeout</a>
</li>
<li>
<a href="classes/org.junit.tests.running.methods.TimeoutTest.html">TimeoutTest</a>.
<a href="classes/org.junit.tests.running.methods.TimeoutTest.html#timeoutFailure">timeoutFailure</a>
</li>
</ul>
</div>
<div id="tab1" class="tab">
<h2>Packages</h2>
<table>
<thead>
<tr>
<th>Package</th>
<th>Tests</th>
<th>Failures</th>
<th>Ignored</th>
<th>Duration</th>
<th>Success rate</th>
</tr>
</thead>
<tbody>
<tr>
<td class="success">
<a href="packages/junit.tests.extensions.html">junit.tests.extensions</a>
</td>
<td>12</td>
<td>0</td>
<td>0</td>
<td>0.052s</td>
<td class="success">100%</td>
</tr>
<tr>
<td class="success">
<a href="packages/junit.tests.framework.html">junit.tests.framework</a>
</td>
<td>87</td>
<td>0</td>
<td>0</td>
<td>0.011s</td>
<td class="success">100%</td>
</tr>
<tr>
<td class="success">
<a href="packages/junit.tests.runner.html">junit.tests.runner</a>
</td>
<td>21</td>
<td>0</td>
<td>0</td>
<td>0.390s</td>
<td class="success">100%</td>
</tr>
<tr>
<td class="success">
<a href="packages/org.junit.html">org.junit</a>
</td>
<td>14</td>
<td>0</td>
<td>0</td>
<td>0.011s</td>
<td class="success">100%</td>
</tr>
<tr>
<td class="success">
<a href="packages/org.junit.experimental.categories.html">org.junit.experimental.categories</a>
</td>
<td>43</td>
<td>0</td>
<td>0</td>
<td>0.152s</td>
<td class="success">100%</td>
</tr>
<tr>
<td class="success">
<a href="packages/org.junit.internal.html">org.junit.internal</a>
</td>
<td>22</td>
<td>0</td>
<td>0</td>
<td>0.127s</td>
<td class="success">100%</td>
</tr>
<tr>
<td class="success">
<a href="packages/org.junit.internal.builders.html">org.junit.internal.builders</a>
</td>
<td>6</td>
<td>0</td>
<td>0</td>
<td>0.005s</td>
<td class="success">100%</td>
</tr>
<tr>
<td class="success">
<a href="packages/org.junit.internal.matchers.html">org.junit.internal.matchers</a>
</td>
<td>4</td>
<td>0</td>
<td>0</td>
<td>0.001s</td>
<td class="success">100%</td>
</tr>
<tr>
<td class="success">
<a href="packages/org.junit.internal.runners.html">org.junit.internal.runners</a>
</td>
<td>6</td>
<td>0</td>
<td>0</td>
<td>0.002s</td>
<td class="success">100%</td>
</tr>
<tr>
<td class="skipped">
<a href="packages/org.junit.internal.runners.statements.html">org.junit.internal.runners.statements</a>
</td>
<td>24</td>
<td>0</td>
<td>2</td>
<td>0.725s</td>
<td class="skipped">100%</td>
</tr>
<tr>
<td class="skipped">
<a href="packages/org.junit.rules.html">org.junit.rules</a>
</td>
<td>205</td>
<td>0</td>
<td>2</td>
<td>2.336s</td>
<td class="skipped">100%</td>
</tr>
<tr>
<td class="success">
<a href="packages/org.junit.runner.html">org.junit.runner</a>
</td>
<td>25</td>
<td>0</td>
<td>0</td>
<td>0.021s</td>
<td class="success">100%</td>
</tr>
<tr>
<td class="success">
<a href="packages/org.junit.runner.notification.html">org.junit.runner.notification</a>
</td>
<td>16</td>
<td>0</td>
<td>0</td>
<td>0.031s</td>
<td class="success">100%</td>
</tr>
<tr>
<td class="success">
<a href="packages/org.junit.runners.html">org.junit.runners</a>
</td>
<td>5</td>
<td>0</td>
<td>0</td>
<td>0.002s</td>
<td class="success">100%</td>
</tr>
<tr>
<td class="success">
<a href="packages/org.junit.runners.model.html">org.junit.runners.model</a>
</td>
<td>29</td>
<td>0</td>
<td>0</td>
<td>0.012s</td>
<td class="success">100%</td>
</tr>
<tr>
<td class="success">
<a href="packages/org.junit.runners.parameterized.html">org.junit.runners.parameterized</a>
</td>
<td>15</td>
<td>0</td>
<td>0</td>
<td>0.006s</td>
<td class="success">100%</td>
</tr>
<tr>
<td class="success">
<a href="packages/org.junit.samples.html">org.junit.samples</a>
</td>
<td>5</td>
<td>0</td>
<td>0</td>
<td>0s</td>
<td class="success">100%</td>
</tr>
<tr>
<td class="success">
<a href="packages/org.junit.samples.money.html">org.junit.samples.money</a>
</td>
<td>23</td>
<td>0</td>
<td>0</td>
<td>0.002s</td>
<td class="success">100%</td>
</tr>
<tr>
<td class="success">
<a href="packages/org.junit.tests.html">org.junit.tests</a>
</td>
<td>2</td>
<td>0</td>
<td>0</td>
<td>0.002s</td>
<td class="success">100%</td>
</tr>
<tr>
<td class="success">
<a href="packages/org.junit.tests.assertion.html">org.junit.tests.assertion</a>
</td>
<td>116</td>
<td>0</td>
<td>0</td>
<td>0.042s</td>
<td class="success">100%</td>
</tr>
<tr>
<td class="success">
<a href="packages/org.junit.tests.deprecated.html">org.junit.tests.deprecated</a>
</td>
<td>2</td>
<td>0</td>
<td>0</td>
<td>0.018s</td>
<td class="success">100%</td>
</tr>
<tr>
<td class="success">
<a href="packages/org.junit.tests.description.html">org.junit.tests.description</a>
</td>
<td>22</td>
<td>0</td>
<td>0</td>
<td>0.010s</td>
<td class="success">100%</td>
</tr>
<tr>
<td class="success">
<a href="packages/org.junit.tests.experimental.html">org.junit.tests.experimental</a>
</td>
<td>21</td>
<td>0</td>
<td>0</td>
<td>0.019s</td>
<td class="success">100%</td>
</tr>
<tr>
<td class="success">
<a href="packages/org.junit.tests.experimental.max.html">org.junit.tests.experimental.max</a>
</td>
<td>26</td>
<td>0</td>
<td>0</td>
<td>1.031s</td>
<td class="success">100%</td>
</tr>
<tr>
<td class="success">
<a href="packages/org.junit.tests.experimental.parallel.html">org.junit.tests.experimental.parallel</a>
</td>
<td>2</td>
<td>0</td>
<td>0</td>
<td>0.010s</td>
<td class="success">100%</td>
</tr>
<tr>
<td class="success">
<a href="packages/org.junit.tests.experimental.results.html">org.junit.tests.experimental.results</a>
</td>
<td>5</td>
<td>0</td>
<td>0</td>
<td>0.018s</td>
<td class="success">100%</td>
</tr>
<tr>
<td class="success">
<a href="packages/org.junit.tests.experimental.theories.html">org.junit.tests.experimental.theories</a>
</td>
<td>12</td>
<td>0</td>
<td>0</td>
<td>0.003s</td>
<td class="success">100%</td>
</tr>
<tr>
<td class="success">
<a href="packages/org.junit.tests.experimental.theories.extendingwithstubs.html">org.junit.tests.experimental.theories.extendingwithstubs</a>
</td>
<td>1</td>
<td>0</td>
<td>0</td>
<td>0.006s</td>
<td class="success">100%</td>
</tr>
<tr>
<td class="success">
<a href="packages/org.junit.tests.experimental.theories.internal.html">org.junit.tests.experimental.theories.internal</a>
</td>
<td>23</td>
<td>0</td>
<td>0</td>
<td>0.021s</td>
<td class="success">100%</td>
</tr>
<tr>
<td class="skipped">
<a href="packages/org.junit.tests.experimental.theories.runner.html">org.junit.tests.experimental.theories.runner</a>
</td>
<td>64</td>
<td>0</td>
<td>1</td>
<td>0.110s</td>
<td class="skipped">100%</td>
</tr>
<tr>
<td class="success">
<a href="packages/org.junit.tests.junit3compatibility.html">org.junit.tests.junit3compatibility</a>
</td>
<td>39</td>
<td>0</td>
<td>0</td>
<td>0.064s</td>
<td class="success">100%</td>
</tr>
<tr>
<td class="success">
<a href="packages/org.junit.tests.listening.html">org.junit.tests.listening</a>
</td>
<td>12</td>
<td>0</td>
<td>0</td>
<td>0.008s</td>
<td class="success">100%</td>
</tr>
<tr>
<td class="success">
<a href="packages/org.junit.tests.manipulation.html">org.junit.tests.manipulation</a>
</td>
<td>41</td>
<td>0</td>
<td>0</td>
<td>0.034s</td>
<td class="success">100%</td>
</tr>
<tr>
<td class="success">
<a href="packages/org.junit.tests.running.classes.html">org.junit.tests.running.classes</a>
</td>
<td>73</td>
<td>0</td>
<td>0</td>
<td>0.091s</td>
<td class="success">100%</td>
</tr>
<tr>
<td class="success">
<a href="packages/org.junit.tests.running.classes.parent.html">org.junit.tests.running.classes.parent</a>
</td>
<td>3</td>
<td>0</td>
<td>0</td>
<td>0.006s</td>
<td class="success">100%</td>
</tr>
<tr>
<td class="success">
<a href="packages/org.junit.tests.running.core.html">org.junit.tests.running.core</a>
</td>
<td>8</td>
<td>0</td>
<td>0</td>
<td>0.136s</td>
<td class="success">100%</td>
</tr>
<tr>
<td class="skipped">
<a href="packages/org.junit.tests.running.methods.html">org.junit.tests.running.methods</a>
</td>
<td>61</td>
<td>0</td>
<td>2</td>
<td>0.829s</td>
<td class="skipped">100%</td>
</tr>
<tr>
<td class="success">
<a href="packages/org.junit.tests.validation.html">org.junit.tests.validation</a>
</td>
<td>6</td>
<td>0</td>
<td>0</td>
<td>0.013s</td>
<td class="success">100%</td>
</tr>
<tr>
<td class="success">
<a href="packages/org.junit.validator.html">org.junit.validator</a>
</td>
<td>7</td>
<td>0</td>
<td>0</td>
<td>0.005s</td>
<td class="success">100%</td>
</tr>
</tbody>
</table>
</div>
<div id="tab2" class="tab">
<h2>Classes</h2>
<table>
<thead>
<tr>
<th>Class</th>
<th>Tests</th>
<th>Failures</th>
<th>Ignored</th>
<th>Duration</th>
<th>Success rate</th>
</tr>
</thead>
<tbody>
<tr>
<td class="success">
<a href="classes/junit.tests.extensions.ActiveTestTest.html">junit.tests.extensions.ActiveTestTest</a>
</td>
<td>4</td>
<td>0</td>
<td>0</td>
<td>0.050s</td>
<td class="success">100%</td>
</tr>
<tr>
<td class="success">
<a href="classes/junit.tests.extensions.ExtensionTest.html">junit.tests.extensions.ExtensionTest</a>
</td>
<td>4</td>
<td>0</td>
<td>0</td>
<td>0.002s</td>
<td class="success">100%</td>
</tr>
<tr>
<td class="success">
<a href="classes/junit.tests.extensions.RepeatedTestTest.html">junit.tests.extensions.RepeatedTestTest</a>
</td>
<td>4</td>
<td>0</td>
<td>0</td>
<td>0s</td>
<td class="success">100%</td>
</tr>
<tr>
<td class="success">
<a href="classes/junit.tests.framework.AssertTest.html">junit.tests.framework.AssertTest</a>
</td>
<td>16</td>
<td>0</td>
<td>0</td>
<td>0.001s</td>
<td class="success">100%</td>
</tr>
<tr>
<td class="success">
<a href="classes/junit.tests.framework.AssertionFailedErrorTest.html">junit.tests.framework.AssertionFailedErrorTest</a>
</td>
<td>3</td>
<td>0</td>
<td>0</td>
<td>0s</td>
<td class="success">100%</td>
</tr>
<tr>
<td class="success">
<a href="classes/junit.tests.framework.ComparisonCompactorTest.html">junit.tests.framework.ComparisonCompactorTest</a>
</td>
<td>19</td>
<td>0</td>
<td>0</td>
<td>0.001s</td>
<td class="success">100%</td>
</tr>
<tr>
<td class="success">
<a href="classes/junit.tests.framework.ComparisonFailureTest.html">junit.tests.framework.ComparisonFailureTest</a>
</td>
<td>4</td>
<td>0</td>
<td>0</td>
<td>0s</td>
<td class="success">100%</td>
</tr>
<tr>
<td class="success">
<a href="classes/junit.tests.framework.DoublePrecisionAssertTest.html">junit.tests.framework.DoublePrecisionAssertTest</a>
</td>
<td>7</td>
<td>0</td>
<td>0</td>
<td>0s</td>
<td class="success">100%</td>
</tr>
<tr>
<td class="success">
<a href="classes/junit.tests.framework.FloatAssertTest.html">junit.tests.framework.FloatAssertTest</a>
</td>
<td>8</td>
<td>0</td>
<td>0</td>
<td>0s</td>
<td class="success">100%</td>
</tr>
<tr>
<td class="success">
<a href="classes/junit.tests.framework.NoArgTestCaseTest.html">junit.tests.framework.NoArgTestCaseTest</a>
</td>
<td>1</td>
<td>0</td>
<td>0</td>
<td>0s</td>
<td class="success">100%</td>
</tr>
<tr>
<td class="success">
<a href="classes/junit.tests.framework.SuiteTest.html">junit.tests.framework.SuiteTest</a>
</td>
<td>11</td>
<td>0</td>
<td>0</td>
<td>0.007s</td>
<td class="success">100%</td>
</tr>
<tr>
<td class="success">
<a href="classes/junit.tests.framework.TestCaseTest.html">junit.tests.framework.TestCaseTest</a>
</td>
<td>14</td>
<td>0</td>
<td>0</td>
<td>0.002s</td>
<td class="success">100%</td>
</tr>
<tr>
<td class="success">
<a href="classes/junit.tests.framework.TestImplementorTest.html">junit.tests.framework.TestImplementorTest</a>
</td>
<td>1</td>
<td>0</td>
<td>0</td>
<td>0s</td>
<td class="success">100%</td>
</tr>
<tr>
<td class="success">
<a href="classes/junit.tests.framework.TestListenerTest.html">junit.tests.framework.TestListenerTest</a>
</td>
<td>3</td>
<td>0</td>
<td>0</td>
<td>0s</td>
<td class="success">100%</td>
</tr>
<tr>
<td class="success">
<a href="classes/junit.tests.runner.BaseTestRunnerTest.html">junit.tests.runner.BaseTestRunnerTest</a>
</td>
<td>2</td>
<td>0</td>
<td>0</td>
<td>0.001s</td>
<td class="success">100%</td>
</tr>
<tr>
<td class="success">
<a href="classes/junit.tests.runner.ResultTest.html">junit.tests.runner.ResultTest</a>
</td>
<td>8</td>
<td>0</td>
<td>0</td>
<td>0.070s</td>
<td class="success">100%</td>
</tr>
<tr>
<td class="success">
<a href="classes/junit.tests.runner.StackFilterTest.html">junit.tests.runner.StackFilterTest</a>
</td>
<td>1</td>
<td>0</td>
<td>0</td>
<td>0.001s</td>
<td class="success">100%</td>
</tr>
<tr>
<td class="success">
<a href="classes/junit.tests.runner.TextFeedbackTest.html">junit.tests.runner.TextFeedbackTest</a>
</td>
<td>5</td>
<td>0</td>
<td>0</td>
<td>0.005s</td>
<td class="success">100%</td>
</tr>
<tr>
<td class="success">
<a href="classes/junit.tests.runner.TextRunnerSingleMethodTest.html">junit.tests.runner.TextRunnerSingleMethodTest</a>
</td>
<td>1</td>
<td>0</td>
<td>0</td>
<td>0.001s</td>
<td class="success">100%</td>
</tr>
<tr>
<td class="success">
<a href="classes/junit.tests.runner.TextRunnerTest.html">junit.tests.runner.TextRunnerTest</a>
</td>
<td>4</td>
<td>0</td>
<td>0</td>
<td>0.312s</td>
<td class="success">100%</td>
</tr>
<tr>
<td class="success">
<a href="classes/org.junit.AssumptionViolatedExceptionTest.html">org.junit.AssumptionViolatedExceptionTest</a>
</td>
<td>14</td>
<td>0</td>
<td>0</td>
<td>0.011s</td>
<td class="success">100%</td>
</tr>
<tr>
<td class="success">
<a href="classes/org.junit.experimental.categories.CategoriesAndParameterizedTest.html">org.junit.experimental.categories.CategoriesAndParameterizedTest</a>
</td>
<td>3</td>
<td>0</td>
<td>0</td>
<td>0.031s</td>
<td class="success">100%</td>
</tr>
<tr>
<td class="success">
<a href="classes/org.junit.experimental.categories.CategoryFilterFactoryTest.html">org.junit.experimental.categories.CategoryFilterFactoryTest</a>
</td>
<td>2</td>
<td>0</td>
<td>0</td>
<td>0.009s</td>
<td class="success">100%</td>
</tr>
<tr>
<td class="success">
<a href="classes/org.junit.experimental.categories.CategoryTest.html">org.junit.experimental.categories.CategoryTest</a>
</td>
<td>26</td>
<td>0</td>
<td>0</td>
<td>0.080s</td>
<td class="success">100%</td>
</tr>
<tr>
<td class="success">
<a href="classes/org.junit.experimental.categories.CategoryValidatorTest.html">org.junit.experimental.categories.CategoryValidatorTest</a>
</td>
<td>5</td>
<td>0</td>
<td>0</td>
<td>0.005s</td>
<td class="success">100%</td>
</tr>
<tr>
<td class="success">
<a href="classes/org.junit.experimental.categories.JavadocTest.html">org.junit.experimental.categories.JavadocTest</a>
</td>
<td>2</td>
<td>0</td>
<td>0</td>
<td>0.010s</td>
<td class="success">100%</td>
</tr>
<tr>
<td class="success">
<a href="classes/org.junit.experimental.categories.MultiCategoryTest.html">org.junit.experimental.categories.MultiCategoryTest</a>
</td>
<td>5</td>
<td>0</td>
<td>0</td>
<td>0.017s</td>
<td class="success">100%</td>
</tr>
<tr>
<td class="success">
<a href="classes/org.junit.internal.ArrayComparisonFailureTest.html">org.junit.internal.ArrayComparisonFailureTest</a>
</td>
<td>2</td>
<td>0</td>
<td>0</td>
<td>0.006s</td>
<td class="success">100%</td>
</tr>
<tr>
<td class="success">
<a href="classes/org.junit.internal.ChecksTest.html">org.junit.internal.ChecksTest</a>
</td>
<td>5</td>
<td>0</td>
<td>0</td>
<td>0.003s</td>
<td class="success">100%</td>
</tr>
<tr>
<td class="success">
<a href="classes/org.junit.internal.MethodSorterTest.html">org.junit.internal.MethodSorterTest</a>
</td>
<td>6</td>
<td>0</td>
<td>0</td>
<td>0.005s</td>
<td class="success">100%</td>
</tr>
<tr>
<td class="success">
<a href="classes/org.junit.internal.StackTracesTest.html">org.junit.internal.StackTracesTest</a>
</td>
<td>9</td>
<td>0</td>
<td>0</td>
<td>0.113s</td>
<td class="success">100%</td>
</tr>
<tr>
<td class="success">
<a href="classes/org.junit.internal.builders.AnnotatedBuilderTest.html">org.junit.internal.builders.AnnotatedBuilderTest</a>
</td>
<td>6</td>
<td>0</td>
<td>0</td>
<td>0.005s</td>
<td class="success">100%</td>
</tr>
<tr>
<td class="success">
<a href="classes/org.junit.internal.matchers.StacktracePrintingMatcherTest.html">org.junit.internal.matchers.StacktracePrintingMatcherTest</a>
</td>
<td>3</td>
<td>0</td>
<td>0</td>
<td>0s</td>
<td class="success">100%</td>
</tr>
<tr>
<td class="success">
<a href="classes/org.junit.internal.matchers.ThrowableCauseMatcherTest.html">org.junit.internal.matchers.ThrowableCauseMatcherTest</a>
</td>
<td>1</td>
<td>0</td>
<td>0</td>
<td>0.001s</td>
<td class="success">100%</td>
</tr>
<tr>
<td class="success">
<a href="classes/org.junit.internal.runners.ErrorReportingRunnerTest.html">org.junit.internal.runners.ErrorReportingRunnerTest</a>
</td>
<td>6</td>
<td>0</td>
<td>0</td>
<td>0.002s</td>
<td class="success">100%</td>
</tr>
<tr>
<td class="success">
<a href="classes/org.junit.internal.runners.statements.ExpectExceptionTest.html">org.junit.internal.runners.statements.ExpectExceptionTest</a>
</td>
<td>4</td>
<td>0</td>
<td>0</td>
<td>0s</td>
<td class="success">100%</td>
</tr>
<tr>
<td class="skipped">
<a href="classes/org.junit.internal.runners.statements.FailOnTimeoutTest.html">org.junit.internal.runners.statements.FailOnTimeoutTest</a>
</td>
<td>20</td>
<td>0</td>
<td>2</td>
<td>0.725s</td>
<td class="skipped">100%</td>
</tr>
<tr>
<td class="success">
<a href="classes/org.junit.rules.BlockJUnit4ClassRunnerOverrideTest.html">org.junit.rules.BlockJUnit4ClassRunnerOverrideTest</a>
</td>
<td>4</td>
<td>0</td>
<td>0</td>
<td>0.007s</td>
<td class="success">100%</td>
</tr>
<tr>
<td class="success">
<a href="classes/org.junit.rules.ClassRulesTest.html">org.junit.rules.ClassRulesTest</a>
</td>
<td>12</td>
<td>0</td>
<td>0</td>
<td>0.012s</td>
<td class="success">100%</td>
</tr>
<tr>
<td class="success">
<a href="classes/org.junit.rules.DisableOnDebugTest.html">org.junit.rules.DisableOnDebugTest</a>
</td>
<td>8</td>
<td>0</td>
<td>0</td>
<td>0.004s</td>
<td class="success">100%</td>
</tr>
<tr>
<td class="success">
<a href="classes/org.junit.rules.ErrorCollectorTest.html">org.junit.rules.ErrorCollectorTest</a>
</td>
<td>18</td>
<td>0</td>
<td>0</td>
<td>0.015s</td>
<td class="success">100%</td>
</tr>
<tr>
<td class="success">
<a href="classes/org.junit.rules.ExpectedExceptionTest.html">org.junit.rules.ExpectedExceptionTest</a>
</td>
<td>23</td>
<td>0</td>
<td>0</td>
<td>0.012s</td>
<td class="success">100%</td>
</tr>
<tr>
<td class="success">
<a href="classes/org.junit.rules.ExternalResourceRuleTest.html">org.junit.rules.ExternalResourceRuleTest</a>
</td>
<td>4</td>
<td>0</td>
<td>0</td>
<td>0.004s</td>
<td class="success">100%</td>
</tr>
<tr>
<td class="success">
<a href="classes/org.junit.rules.MethodRulesTest.html">org.junit.rules.MethodRulesTest</a>
</td>
<td>15</td>
<td>0</td>
<td>0</td>
<td>0.027s</td>
<td class="success">100%</td>
</tr>
<tr>
<td class="success">
<a href="classes/org.junit.rules.NameRulesTest$BeforeAndAfterTest.html">org.junit.rules.NameRulesTest$BeforeAndAfterTest</a>
</td>
<td>1</td>
<td>0</td>
<td>0</td>
<td>0.001s</td>
<td class="success">100%</td>
</tr>
<tr>
<td class="success">
<a href="classes/org.junit.rules.NameRulesTest$TestNames.html">org.junit.rules.NameRulesTest$TestNames</a>
</td>
<td>2</td>
<td>0</td>
<td>0</td>
<td>0s</td>
<td class="success">100%</td>
</tr>
<tr>
<td class="success">
<a href="classes/org.junit.rules.RuleChainTest.html">org.junit.rules.RuleChainTest</a>
</td>
<td>3</td>
<td>0</td>
<td>0</td>
<td>0.003s</td>
<td class="success">100%</td>
</tr>
<tr>
<td class="success">
<a href="classes/org.junit.rules.RuleMemberValidatorTest.html">org.junit.rules.RuleMemberValidatorTest</a>
</td>
<td>21</td>
<td>0</td>
<td>0</td>
<td>0.013s</td>
<td class="success">100%</td>
</tr>
<tr>
<td class="success">
<a href="classes/org.junit.rules.StopwatchTest.html">org.junit.rules.StopwatchTest</a>
</td>
<td>5</td>
<td>0</td>
<td>0</td>
<td>0.005s</td>
<td class="success">100%</td>
</tr>
<tr>
<td class="skipped">
<a href="classes/org.junit.rules.TempFolderRuleTest.html">org.junit.rules.TempFolderRuleTest</a>
</td>
<td>10</td>
<td>0</td>
<td>1</td>
<td>0.043s</td>
<td class="skipped">100%</td>
</tr>
<tr>
<td class="success">
<a href="classes/org.junit.rules.TemporaryFolderRuleAssuredDeletionTest.html">org.junit.rules.TemporaryFolderRuleAssuredDeletionTest</a>
</td>
<td>2</td>
<td>0</td>
<td>0</td>
<td>0.002s</td>
<td class="success">100%</td>
</tr>
<tr>
<td class="skipped">
<a href="classes/org.junit.rules.TemporaryFolderUsageTest.html">org.junit.rules.TemporaryFolderUsageTest</a>
</td>
<td>24</td>
<td>0</td>
<td>1</td>
<td>0.022s</td>
<td class="skipped">100%</td>
</tr>
<tr>
<td class="success">
<a href="classes/org.junit.rules.TestRuleTest.html">org.junit.rules.TestRuleTest</a>
</td>
<td>25</td>
<td>0</td>
<td>0</td>
<td>0.026s</td>
<td class="success">100%</td>
</tr>
<tr>
<td class="success">
<a href="classes/org.junit.rules.TestWatcherTest$CallbackArguments.html">org.junit.rules.TestWatcherTest$CallbackArguments</a>
</td>
<td>6</td>
<td>0</td>
<td>0</td>
<td>0.008s</td>
<td class="success">100%</td>
</tr>
<tr>
<td class="success">
<a href="classes/org.junit.rules.TestWatcherTest$Callbacks.html">org.junit.rules.TestWatcherTest$Callbacks</a>
</td>
<td>12</td>
<td>0</td>
<td>0</td>
<td>0.014s</td>
<td class="success">100%</td>
</tr>
<tr>
<td class="success">
<a href="classes/org.junit.rules.TestWatcherTest$InterplayWithOtherRules.html">org.junit.rules.TestWatcherTest$InterplayWithOtherRules</a>
</td>
<td>2</td>
<td>0</td>
<td>0</td>
<td>0.002s</td>
<td class="success">100%</td>
</tr>
<tr>
<td class="success">
<a href="classes/org.junit.rules.TestWatchmanTest.html">org.junit.rules.TestWatchmanTest</a>
</td>
<td>4</td>
<td>0</td>
<td>0</td>
<td>0.003s</td>
<td class="success">100%</td>
</tr>
<tr>
<td class="success">
<a href="classes/org.junit.rules.TimeoutRuleTest.html">org.junit.rules.TimeoutRuleTest</a>
</td>
<td>3</td>
<td>0</td>
<td>0</td>
<td>2.112s</td>
<td class="success">100%</td>
</tr>
<tr>
<td class="success">
<a href="classes/org.junit.rules.VerifierRuleTest.html">org.junit.rules.VerifierRuleTest</a>
</td>
<td>1</td>
<td>0</td>
<td>0</td>
<td>0.001s</td>
<td class="success">100%</td>
</tr>
<tr>
<td class="success">
<a href="classes/org.junit.runner.FilterFactoriesTest.html">org.junit.runner.FilterFactoriesTest</a>
</td>
<td>6</td>
<td>0</td>
<td>0</td>
<td>0.007s</td>
<td class="success">100%</td>
</tr>
<tr>
<td class="success">
<a href="classes/org.junit.runner.FilterOptionIntegrationTest.html">org.junit.runner.FilterOptionIntegrationTest</a>
</td>
<td>4</td>
<td>0</td>
<td>0</td>
<td>0.006s</td>
<td class="success">100%</td>
</tr>
<tr>
<td class="success">
<a href="classes/org.junit.runner.JUnitCommandLineParseResultTest.html">org.junit.runner.JUnitCommandLineParseResultTest</a>
</td>
<td>10</td>
<td>0</td>
<td>0</td>
<td>0.005s</td>
<td class="success">100%</td>
</tr>
<tr>
<td class="success">
<a href="classes/org.junit.runner.JUnitCoreTest.html">org.junit.runner.JUnitCoreTest</a>
</td>
<td>1</td>
<td>0</td>
<td>0</td>
<td>0s</td>
<td class="success">100%</td>
</tr>
<tr>
<td class="success">
<a href="classes/org.junit.runner.OrderWithValidatorTest.html">org.junit.runner.OrderWithValidatorTest</a>
</td>
<td>2</td>
<td>0</td>
<td>0</td>
<td>0.001s</td>
<td class="success">100%</td>
</tr>
<tr>
<td class="success">
<a href="classes/org.junit.runner.RequestTest.html">org.junit.runner.RequestTest</a>
</td>
<td>2</td>
<td>0</td>
<td>0</td>
<td>0.002s</td>
<td class="success">100%</td>
</tr>
<tr>
<td class="success">
<a href="classes/org.junit.runner.notification.ConcurrentRunNotifierTest.html">org.junit.runner.notification.ConcurrentRunNotifierTest</a>
</td>
<td>3</td>
<td>0</td>
<td>0</td>
<td>0.030s</td>
<td class="success">100%</td>
</tr>
<tr>
<td class="success">
<a href="classes/org.junit.runner.notification.RunNotifierTest.html">org.junit.runner.notification.RunNotifierTest</a>
</td>
<td>8</td>
<td>0</td>
<td>0</td>
<td>0s</td>
<td class="success">100%</td>
</tr>
<tr>
<td class="success">
<a href="classes/org.junit.runner.notification.SynchronizedRunListenerTest.html">org.junit.runner.notification.SynchronizedRunListenerTest</a>
</td>
<td>5</td>
<td>0</td>
<td>0</td>
<td>0.001s</td>
<td class="success">100%</td>
</tr>
<tr>
<td class="success">
<a href="classes/org.junit.runners.CustomBlockJUnit4ClassRunnerTest.html">org.junit.runners.CustomBlockJUnit4ClassRunnerTest</a>
</td>
<td>1</td>
<td>0</td>
<td>0</td>
<td>0.001s</td>
<td class="success">100%</td>
</tr>
<tr>
<td class="success">
<a href="classes/org.junit.runners.RuleContainerTest.html">org.junit.runners.RuleContainerTest</a>
</td>
<td>4</td>
<td>0</td>
<td>0</td>
<td>0.001s</td>
<td class="success">100%</td>
</tr>
<tr>
<td class="success">
<a href="classes/org.junit.runners.model.FrameworkFieldTest.html">org.junit.runners.model.FrameworkFieldTest</a>
</td>
<td>4</td>
<td>0</td>
<td>0</td>
<td>0.001s</td>
<td class="success">100%</td>
</tr>
<tr>
<td class="success">
<a href="classes/org.junit.runners.model.FrameworkMethodTest.html">org.junit.runners.model.FrameworkMethodTest</a>
</td>
<td>4</td>
<td>0</td>
<td>0</td>
<td>0.001s</td>
<td class="success">100%</td>
</tr>
<tr>
<td class="success">
<a href="classes/org.junit.runners.model.InvalidTestClassErrorTest.html">org.junit.runners.model.InvalidTestClassErrorTest</a>
</td>
<td>1</td>
<td>0</td>
<td>0</td>
<td>0s</td>
<td class="success">100%</td>
</tr>
<tr>
<td class="success">
<a href="classes/org.junit.runners.model.TestClassTest.html">org.junit.runners.model.TestClassTest</a>
</td>
<td>20</td>
<td>0</td>
<td>0</td>
<td>0.010s</td>
<td class="success">100%</td>
</tr>
<tr>
<td class="success">
<a href="classes/org.junit.runners.parameterized.BlockJUnit4ClassRunnerWithParametersTest.html">org.junit.runners.parameterized.BlockJUnit4ClassRunnerWithParametersTest</a>
</td>
<td>2</td>
<td>0</td>
<td>0</td>
<td>0.003s</td>
<td class="success">100%</td>
</tr>
<tr>
<td class="success">
<a href="classes/org.junit.runners.parameterized.ParameterizedNamesTest.html">org.junit.runners.parameterized.ParameterizedNamesTest</a>
</td>
<td>1</td>
<td>0</td>
<td>0</td>
<td>0.001s</td>
<td class="success">100%</td>
</tr>
<tr>
<td class="success">
<a href="classes/org.junit.runners.parameterized.TestWithParametersTest.html">org.junit.runners.parameterized.TestWithParametersTest</a>
</td>
<td>12</td>
<td>0</td>
<td>0</td>
<td>0.002s</td>
<td class="success">100%</td>
</tr>
<tr>
<td class="success">
<a href="classes/org.junit.samples.ListTest.html">org.junit.samples.ListTest</a>
</td>
<td>5</td>
<td>0</td>
<td>0</td>
<td>0s</td>
<td class="success">100%</td>
</tr>
<tr>
<td class="success">
<a href="classes/org.junit.samples.money.MoneyTest.html">org.junit.samples.money.MoneyTest</a>
</td>
<td>23</td>
<td>0</td>
<td>0</td>
<td>0.002s</td>
<td class="success">100%</td>
</tr>
<tr>
<td class="success">
<a href="classes/org.junit.tests.ObjectContractTest.html">org.junit.tests.ObjectContractTest</a>
</td>
<td>2</td>
<td>0</td>
<td>0</td>
<td>0.002s</td>
<td class="success">100%</td>
</tr>
<tr>
<td class="success">
<a href="classes/org.junit.tests.assertion.AssertionTest.html">org.junit.tests.assertion.AssertionTest</a>
</td>
<td>98</td>
<td>0</td>
<td>0</td>
<td>0.032s</td>
<td class="success">100%</td>
</tr>
<tr>
<td class="success">
<a href="classes/org.junit.tests.assertion.ComparisonFailureTest.html">org.junit.tests.assertion.ComparisonFailureTest</a>
</td>
<td>12</td>
<td>0</td>
<td>0</td>
<td>0.004s</td>
<td class="success">100%</td>
</tr>
<tr>
<td class="success">
<a href="classes/org.junit.tests.assertion.MultipleFailureExceptionTest.html">org.junit.tests.assertion.MultipleFailureExceptionTest</a>
</td>
<td>6</td>
<td>0</td>
<td>0</td>
<td>0.006s</td>
<td class="success">100%</td>
</tr>
<tr>
<td class="success">
<a href="classes/org.junit.tests.deprecated.JUnit4ClassRunnerTest.html">org.junit.tests.deprecated.JUnit4ClassRunnerTest</a>
</td>
<td>2</td>
<td>0</td>
<td>0</td>
<td>0.018s</td>
<td class="success">100%</td>
</tr>
<tr>
<td class="success">
<a href="classes/org.junit.tests.description.AnnotatedDescriptionTest.html">org.junit.tests.description.AnnotatedDescriptionTest</a>
</td>
<td>6</td>
<td>0</td>
<td>0</td>
<td>0.007s</td>
<td class="success">100%</td>
</tr>
<tr>
<td class="success">
<a href="classes/org.junit.tests.description.SuiteDescriptionTest.html">org.junit.tests.description.SuiteDescriptionTest</a>
</td>
<td>2</td>
<td>0</td>
<td>0</td>
<td>0s</td>
<td class="success">100%</td>
</tr>
<tr>
<td class="success">
<a href="classes/org.junit.tests.description.TestDescriptionMethodNameTest.html">org.junit.tests.description.TestDescriptionMethodNameTest</a>
</td>
<td>11</td>
<td>0</td>
<td>0</td>
<td>0.002s</td>
<td class="success">100%</td>
</tr>
<tr>
<td class="success">
<a href="classes/org.junit.tests.description.TestDescriptionTest.html">org.junit.tests.description.TestDescriptionTest</a>
</td>
<td>3</td>
<td>0</td>
<td>0</td>
<td>0.001s</td>
<td class="success">100%</td>
</tr>
<tr>
<td class="success">
<a href="classes/org.junit.tests.experimental.AssumptionTest.html">org.junit.tests.experimental.AssumptionTest</a>
</td>
<td>20</td>
<td>0</td>
<td>0</td>
<td>0.013s</td>
<td class="success">100%</td>
</tr>
<tr>
<td class="success">
<a href="classes/org.junit.tests.experimental.MatcherTest.html">org.junit.tests.experimental.MatcherTest</a>
</td>
<td>1</td>
<td>0</td>
<td>0</td>
<td>0.006s</td>
<td class="success">100%</td>
</tr>
<tr>
<td class="success">
<a href="classes/org.junit.tests.experimental.max.DescriptionTest.html">org.junit.tests.experimental.max.DescriptionTest</a>
</td>
<td>9</td>
<td>0</td>
<td>0</td>
<td>0.007s</td>
<td class="success">100%</td>
</tr>
<tr>
<td class="success">
<a href="classes/org.junit.tests.experimental.max.JUnit38SortingTest.html">org.junit.tests.experimental.max.JUnit38SortingTest</a>
</td>
<td>1</td>
<td>0</td>
<td>0</td>
<td>0.103s</td>
<td class="success">100%</td>
</tr>
<tr>
<td class="success">
<a href="classes/org.junit.tests.experimental.max.MaxStarterTest.html">org.junit.tests.experimental.max.MaxStarterTest</a>
</td>
<td>16</td>
<td>0</td>
<td>0</td>
<td>0.921s</td>
<td class="success">100%</td>
</tr>
<tr>
<td class="success">
<a href="classes/org.junit.tests.experimental.parallel.ParallelClassTest.html">org.junit.tests.experimental.parallel.ParallelClassTest</a>
</td>
<td>1</td>
<td>0</td>
<td>0</td>
<td>0.007s</td>
<td class="success">100%</td>
</tr>
<tr>
<td class="success">
<a href="classes/org.junit.tests.experimental.parallel.ParallelMethodTest.html">org.junit.tests.experimental.parallel.ParallelMethodTest</a>
</td>
<td>1</td>
<td>0</td>
<td>0</td>
<td>0.003s</td>
<td class="success">100%</td>
</tr>
<tr>
<td class="success">
<a href="classes/org.junit.tests.experimental.results.PrintableResultTest.html">org.junit.tests.experimental.results.PrintableResultTest</a>
</td>
<td>2</td>
<td>0</td>
<td>0</td>
<td>0.016s</td>
<td class="success">100%</td>
</tr>
<tr>
<td class="success">
<a href="classes/org.junit.tests.experimental.results.ResultMatchersTest.html">org.junit.tests.experimental.results.ResultMatchersTest</a>
</td>
<td>3</td>
<td>0</td>
<td>0</td>
<td>0.002s</td>
<td class="success">100%</td>
</tr>
<tr>
<td class="success">
<a href="classes/org.junit.tests.experimental.theories.AssumingInTheoriesTest.html">org.junit.tests.experimental.theories.AssumingInTheoriesTest</a>
</td>
<td>2</td>
<td>0</td>
<td>0</td>
<td>0.001s</td>
<td class="success">100%</td>
</tr>
<tr>
<td class="success">
<a href="classes/org.junit.tests.experimental.theories.ParameterSignatureTest.html">org.junit.tests.experimental.theories.ParameterSignatureTest</a>
</td>
<td>5</td>
<td>0</td>
<td>0</td>
<td>0s</td>
<td class="success">100%</td>
</tr>
<tr>
<td class="success">
<a href="classes/org.junit.tests.experimental.theories.PotentialAssignmentTest.html">org.junit.tests.experimental.theories.PotentialAssignmentTest</a>
</td>
<td>4</td>
<td>0</td>
<td>0</td>
<td>0.002s</td>
<td class="success">100%</td>
</tr>
<tr>
<td class="success">
<a href="classes/org.junit.tests.experimental.theories.TestedOnSupplierTest.html">org.junit.tests.experimental.theories.TestedOnSupplierTest</a>
</td>
<td>1</td>
<td>0</td>
<td>0</td>
<td>0s</td>
<td class="success">100%</td>
</tr>
<tr>
<td class="success">
<a href="classes/org.junit.tests.experimental.theories.extendingwithstubs.StubbedTheoriesTest.html">org.junit.tests.experimental.theories.extendingwithstubs.StubbedTheoriesTest</a>
</td>
<td>1</td>
<td>0</td>
<td>0</td>
<td>0.006s</td>
<td class="success">100%</td>
</tr>
<tr>
<td class="success">
<a href="classes/org.junit.tests.experimental.theories.internal.AllMembersSupplierTest.html">org.junit.tests.experimental.theories.internal.AllMembersSupplierTest</a>
</td>
<td>10</td>
<td>0</td>
<td>0</td>
<td>0.011s</td>
<td class="success">100%</td>
</tr>
<tr>
<td class="success">
<a href="classes/org.junit.tests.experimental.theories.internal.ParameterizedAssertionErrorTest.html">org.junit.tests.experimental.theories.internal.ParameterizedAssertionErrorTest</a>
</td>
<td>7</td>
<td>0</td>
<td>0</td>
<td>0.004s</td>
<td class="success">100%</td>
</tr>
<tr>
<td class="success">
<a href="classes/org.junit.tests.experimental.theories.internal.SpecificDataPointsSupplierTest.html">org.junit.tests.experimental.theories.internal.SpecificDataPointsSupplierTest</a>
</td>
<td>6</td>
<td>0</td>
<td>0</td>
<td>0.006s</td>
<td class="success">100%</td>
</tr>
<tr>
<td class="success">
<a href="classes/org.junit.tests.experimental.theories.runner.FailingDataPointMethods.html">org.junit.tests.experimental.theories.runner.FailingDataPointMethods</a>
</td>
<td>6</td>
<td>0</td>
<td>0</td>
<td>0.006s</td>
<td class="success">100%</td>
</tr>
<tr>
<td class="success">
<a href="classes/org.junit.tests.experimental.theories.runner.SuccessfulWithDataPointFields$BeforeAndAfterEachTime.html">org.junit.tests.experimental.theories.runner.SuccessfulWithDataPointFields$BeforeAndAfterEachTime</a>
</td>
<td>1</td>
<td>0</td>
<td>0</td>
<td>0s</td>
<td class="success">100%</td>
</tr>
<tr>
<td class="success">
<a href="classes/org.junit.tests.experimental.theories.runner.SuccessfulWithDataPointFields$BeforeAndAfterOnSameInstance.html">org.junit.tests.experimental.theories.runner.SuccessfulWithDataPointFields$BeforeAndAfterOnSameInstance</a>
</td>
<td>1</td>
<td>0</td>
<td>0</td>
<td>0s</td>
<td class="success">100%</td>
</tr>
<tr>
<td class="success">
<a href="classes/org.junit.tests.experimental.theories.runner.SuccessfulWithDataPointFields$DifferentTypesInConstructor.html">org.junit.tests.experimental.theories.runner.SuccessfulWithDataPointFields$DifferentTypesInConstructor</a>
</td>
<td>1</td>
<td>0</td>
<td>0</td>
<td>0s</td>
<td class="success">100%</td>
</tr>
<tr>
<td class="success">
<a href="classes/org.junit.tests.experimental.theories.runner.SuccessfulWithDataPointFields$HasATwoParameterTheory.html">org.junit.tests.experimental.theories.runner.SuccessfulWithDataPointFields$HasATwoParameterTheory</a>
</td>
<td>1</td>
<td>0</td>
<td>0</td>
<td>0s</td>
<td class="success">100%</td>
</tr>
<tr>
<td class="success">
<a href="classes/org.junit.tests.experimental.theories.runner.SuccessfulWithDataPointFields$NewObjectEachTime.html">org.junit.tests.experimental.theories.runner.SuccessfulWithDataPointFields$NewObjectEachTime</a>
</td>
<td>1</td>
<td>0</td>
<td>0</td>
<td>0s</td>
<td class="success">100%</td>
</tr>
<tr>
<td class="success">
<a href="classes/org.junit.tests.experimental.theories.runner.SuccessfulWithDataPointFields$OneTestTwoAnnotations.html">org.junit.tests.experimental.theories.runner.SuccessfulWithDataPointFields$OneTestTwoAnnotations</a>
</td>
<td>1</td>
<td>0</td>
<td>0</td>
<td>0s</td>
<td class="success">100%</td>
</tr>
<tr>
<td class="success">
<a href="classes/org.junit.tests.experimental.theories.runner.SuccessfulWithDataPointFields$PositiveInts.html">org.junit.tests.experimental.theories.runner.SuccessfulWithDataPointFields$PositiveInts</a>
</td>
<td>1</td>
<td>0</td>
<td>0</td>
<td>0s</td>
<td class="success">100%</td>
</tr>
<tr>
<td class="success">
<a href="classes/org.junit.tests.experimental.theories.runner.SuccessfulWithDataPointFields$PositiveIntsWithMethodParams.html">org.junit.tests.experimental.theories.runner.SuccessfulWithDataPointFields$PositiveIntsWithMethodParams</a>
</td>
<td>1</td>
<td>0</td>
<td>0</td>
<td>0.001s</td>
<td class="success">100%</td>
</tr>
<tr>
<td class="success">
<a href="classes/org.junit.tests.experimental.theories.runner.SuccessfulWithDataPointFields$PositiveIntsWithNegativeField.html">org.junit.tests.experimental.theories.runner.SuccessfulWithDataPointFields$PositiveIntsWithNegativeField</a>
</td>
<td>1</td>
<td>0</td>
<td>0</td>
<td>0s</td>
<td class="success">100%</td>
</tr>
<tr>
<td class="success">
<a href="classes/org.junit.tests.experimental.theories.runner.SuccessfulWithDataPointFields$StaticPublicNonDataPoints.html">org.junit.tests.experimental.theories.runner.SuccessfulWithDataPointFields$StaticPublicNonDataPoints</a>
</td>
<td>1</td>
<td>0</td>
<td>0</td>
<td>0s</td>
<td class="success">100%</td>
</tr>
<tr>
<td class="skipped">
<a href="classes/org.junit.tests.experimental.theories.runner.TheoriesPerformanceTest.html">org.junit.tests.experimental.theories.runner.TheoriesPerformanceTest</a>
</td>
<td>1</td>
<td>0</td>
<td>1</td>
<td>0.001s</td>
<td class="skipped">-</td>
</tr>
<tr>
<td class="success">
<a href="classes/org.junit.tests.experimental.theories.runner.TypeMatchingBetweenMultiDataPointsMethod.html">org.junit.tests.experimental.theories.runner.TypeMatchingBetweenMultiDataPointsMethod</a>
</td>
<td>2</td>
<td>0</td>
<td>0</td>
<td>0.003s</td>
<td class="success">100%</td>
</tr>
<tr>
<td class="success">
<a href="classes/org.junit.tests.experimental.theories.runner.UnsuccessfulWithDataPointFields.html">org.junit.tests.experimental.theories.runner.UnsuccessfulWithDataPointFields</a>
</td>
<td>10</td>
<td>0</td>
<td>0</td>
<td>0.022s</td>
<td class="success">100%</td>
</tr>
<tr>
<td class="success">
<a href="classes/org.junit.tests.experimental.theories.runner.WhenNoParametersMatch.html">org.junit.tests.experimental.theories.runner.WhenNoParametersMatch</a>
</td>
<td>1</td>
<td>0</td>
<td>0</td>
<td>0.005s</td>
<td class="success">100%</td>
</tr>
<tr>
<td class="success">
<a href="classes/org.junit.tests.experimental.theories.runner.WithAutoGeneratedDataPoints.html">org.junit.tests.experimental.theories.runner.WithAutoGeneratedDataPoints</a>
</td>
<td>4</td>
<td>0</td>
<td>0</td>
<td>0.005s</td>
<td class="success">100%</td>
</tr>
<tr>
<td class="success">
<a href="classes/org.junit.tests.experimental.theories.runner.WithDataPointMethod.html">org.junit.tests.experimental.theories.runner.WithDataPointMethod</a>
</td>
<td>4</td>
<td>0</td>
<td>0</td>
<td>0.004s</td>
<td class="success">100%</td>
</tr>
<tr>
<td class="success">
<a href="classes/org.junit.tests.experimental.theories.runner.WithExtendedParameterSources.html">org.junit.tests.experimental.theories.runner.WithExtendedParameterSources</a>
</td>
<td>8</td>
<td>0</td>
<td>0</td>
<td>0.011s</td>
<td class="success">100%</td>
</tr>
<tr>
<td class="success">
<a href="classes/org.junit.tests.experimental.theories.runner.WithNamedDataPoints.html">org.junit.tests.experimental.theories.runner.WithNamedDataPoints</a>
</td>
<td>1</td>
<td>0</td>
<td>0</td>
<td>0.002s</td>
<td class="success">100%</td>
</tr>
<tr>
<td class="success">
<a href="classes/org.junit.tests.experimental.theories.runner.WithOnlyTestAnnotations.html">org.junit.tests.experimental.theories.runner.WithOnlyTestAnnotations</a>
</td>
<td>4</td>
<td>0</td>
<td>0</td>
<td>0.026s</td>
<td class="success">100%</td>
</tr>
<tr>
<td class="success">
<a href="classes/org.junit.tests.experimental.theories.runner.WithParameterSupplier.html">org.junit.tests.experimental.theories.runner.WithParameterSupplier</a>
</td>
<td>4</td>
<td>0</td>
<td>0</td>
<td>0.008s</td>
<td class="success">100%</td>
</tr>
<tr>
<td class="success">
<a href="classes/org.junit.tests.experimental.theories.runner.WithUnresolvedGenericTypeVariablesOnTheoryParms.html">org.junit.tests.experimental.theories.runner.WithUnresolvedGenericTypeVariablesOnTheoryParms</a>
</td>
<td>9</td>
<td>0</td>
<td>0</td>
<td>0.016s</td>
<td class="success">100%</td>
</tr>
<tr>
<td class="success">
<a href="classes/org.junit.tests.junit3compatibility.AllTestsTest.html">org.junit.tests.junit3compatibility.AllTestsTest</a>
</td>
<td>5</td>
<td>0</td>
<td>0</td>
<td>0.003s</td>
<td class="success">100%</td>
</tr>
<tr>
<td class="success">
<a href="classes/org.junit.tests.junit3compatibility.ClassRequestTest.html">org.junit.tests.junit3compatibility.ClassRequestTest</a>
</td>
<td>1</td>
<td>0</td>
<td>0</td>
<td>0.003s</td>
<td class="success">100%</td>
</tr>
<tr>
<td class="success">
<a href="classes/org.junit.tests.junit3compatibility.ForwardCompatibilityPrintingTest.html">org.junit.tests.junit3compatibility.ForwardCompatibilityPrintingTest</a>
</td>
<td>2</td>
<td>0</td>
<td>0</td>
<td>0.003s</td>
<td class="success">100%</td>
</tr>
<tr>
<td class="success">
<a href="classes/org.junit.tests.junit3compatibility.ForwardCompatibilityTest.html">org.junit.tests.junit3compatibility.ForwardCompatibilityTest</a>
</td>
<td>12</td>
<td>0</td>
<td>0</td>
<td>0.009s</td>
<td class="success">100%</td>
</tr>
<tr>
<td class="success">
<a href="classes/org.junit.tests.junit3compatibility.InitializationErrorForwardCompatibilityTest.html">org.junit.tests.junit3compatibility.InitializationErrorForwardCompatibilityTest</a>
</td>
<td>3</td>
<td>0</td>
<td>0</td>
<td>0.003s</td>
<td class="success">100%</td>
</tr>
<tr>
<td class="success">
<a href="classes/org.junit.tests.junit3compatibility.JUnit38ClassRunnerTest.html">org.junit.tests.junit3compatibility.JUnit38ClassRunnerTest</a>
</td>
<td>7</td>
<td>0</td>
<td>0</td>
<td>0.008s</td>
<td class="success">100%</td>
</tr>
<tr>
<td class="success">
<a href="classes/org.junit.tests.junit3compatibility.JUnit4TestAdapterTest.html">org.junit.tests.junit3compatibility.JUnit4TestAdapterTest</a>
</td>
<td>3</td>
<td>0</td>
<td>0</td>
<td>0.031s</td>
<td class="success">100%</td>
</tr>
<tr>
<td class="success">
<a href="classes/org.junit.tests.junit3compatibility.OldTestClassAdaptingListenerTest.html">org.junit.tests.junit3compatibility.OldTestClassAdaptingListenerTest</a>
</td>
<td>1</td>
<td>0</td>
<td>0</td>
<td>0.001s</td>
<td class="success">100%</td>
</tr>
<tr>
<td class="success">
<a href="classes/org.junit.tests.junit3compatibility.SuiteMethodTest.html">org.junit.tests.junit3compatibility.SuiteMethodTest</a>
</td>
<td>5</td>
<td>0</td>
<td>0</td>
<td>0.003s</td>
<td class="success">100%</td>
</tr>
<tr>
<td class="success">
<a href="classes/org.junit.tests.listening.ListenerTest.html">org.junit.tests.listening.ListenerTest</a>
</td>
<td>1</td>
<td>0</td>
<td>0</td>
<td>0.001s</td>
<td class="success">100%</td>
</tr>
<tr>
<td class="success">
<a href="classes/org.junit.tests.listening.RunnerTest.html">org.junit.tests.listening.RunnerTest</a>
</td>
<td>3</td>
<td>0</td>
<td>0</td>
<td>0.002s</td>
<td class="success">100%</td>
</tr>
<tr>
<td class="success">
<a href="classes/org.junit.tests.listening.TestListenerTest.html">org.junit.tests.listening.TestListenerTest</a>
</td>
<td>3</td>
<td>0</td>
<td>0</td>
<td>0.001s</td>
<td class="success">100%</td>
</tr>
<tr>
<td class="success">
<a href="classes/org.junit.tests.listening.TextListenerTest.html">org.junit.tests.listening.TextListenerTest</a>
</td>
<td>3</td>
<td>0</td>
<td>0</td>
<td>0.003s</td>
<td class="success">100%</td>
</tr>
<tr>
<td class="success">
<a href="classes/org.junit.tests.listening.UserStopTest.html">org.junit.tests.listening.UserStopTest</a>
</td>
<td>2</td>
<td>0</td>
<td>0</td>
<td>0.001s</td>
<td class="success">100%</td>
</tr>
<tr>
<td class="success">
<a href="classes/org.junit.tests.manipulation.FilterTest.html">org.junit.tests.manipulation.FilterTest</a>
</td>
<td>3</td>
<td>0</td>
<td>0</td>
<td>0s</td>
<td class="success">100%</td>
</tr>
<tr>
<td class="success">
<a href="classes/org.junit.tests.manipulation.FilterableTest.html">org.junit.tests.manipulation.FilterableTest</a>
</td>
<td>1</td>
<td>0</td>
<td>0</td>
<td>0.001s</td>
<td class="success">100%</td>
</tr>
<tr>
<td class="success">
<a href="classes/org.junit.tests.manipulation.OrderWithTest$TestClassRunnerIsOrderableViaOrderWith.html">org.junit.tests.manipulation.OrderWithTest$TestClassRunnerIsOrderableViaOrderWith</a>
</td>
<td>4</td>
<td>0</td>
<td>0</td>
<td>0.005s</td>
<td class="success">100%</td>
</tr>
<tr>
<td class="success">
<a href="classes/org.junit.tests.manipulation.OrderWithTest$TestClassRunnerIsOrderableWithSuiteMethod.html">org.junit.tests.manipulation.OrderWithTest$TestClassRunnerIsOrderableWithSuiteMethod</a>
</td>
<td>2</td>
<td>0</td>
<td>0</td>
<td>0.003s</td>
<td class="success">100%</td>
</tr>
<tr>
<td class="success">
<a href="classes/org.junit.tests.manipulation.OrderWithTest$TestClassRunnerIsSortableViaOrderWith.html">org.junit.tests.manipulation.OrderWithTest$TestClassRunnerIsSortableViaOrderWith</a>
</td>
<td>2</td>
<td>0</td>
<td>0</td>
<td>0.003s</td>
<td class="success">100%</td>
</tr>
<tr>
<td class="success">
<a href="classes/org.junit.tests.manipulation.OrderWithTest$UnOrderableRunnersAreHandledWithoutCrashing.html">org.junit.tests.manipulation.OrderWithTest$UnOrderableRunnersAreHandledWithoutCrashing</a>
</td>
<td>1</td>
<td>0</td>
<td>0</td>
<td>0.001s</td>
<td class="success">100%</td>
</tr>
<tr>
<td class="success">
<a href="classes/org.junit.tests.manipulation.OrderableTest$TestClassRunnerIsOrderable.html">org.junit.tests.manipulation.OrderableTest$TestClassRunnerIsOrderable</a>
</td>
<td>5</td>
<td>0</td>
<td>0</td>
<td>0.003s</td>
<td class="success">100%</td>
</tr>
<tr>
<td class="success">
<a href="classes/org.junit.tests.manipulation.OrderableTest$TestClassRunnerIsOrderableWithSuiteMethod.html">org.junit.tests.manipulation.OrderableTest$TestClassRunnerIsOrderableWithSuiteMethod</a>
</td>
<td>2</td>
<td>0</td>
<td>0</td>
<td>0.001s</td>
<td class="success">100%</td>
</tr>
<tr>
<td class="success">
<a href="classes/org.junit.tests.manipulation.OrderableTest$TestOrderableClassRunnerIsSortable.html">org.junit.tests.manipulation.OrderableTest$TestOrderableClassRunnerIsSortable</a>
</td>
<td>2</td>
<td>0</td>
<td>0</td>
<td>0.001s</td>
<td class="success">100%</td>
</tr>
<tr>
<td class="success">
<a href="classes/org.junit.tests.manipulation.OrderableTest$UnOrderableRunnersAreHandledWithoutCrashing.html">org.junit.tests.manipulation.OrderableTest$UnOrderableRunnersAreHandledWithoutCrashing</a>
</td>
<td>1</td>
<td>0</td>
<td>0</td>
<td>0.004s</td>
<td class="success">100%</td>
</tr>
<tr>
<td class="success">
<a href="classes/org.junit.tests.manipulation.SingleMethodTest.html">org.junit.tests.manipulation.SingleMethodTest</a>
</td>
<td>8</td>
<td>0</td>
<td>0</td>
<td>0.005s</td>
<td class="success">100%</td>
</tr>
<tr>
<td class="success">
<a href="classes/org.junit.tests.manipulation.SortableTest$TestClassRunnerIsSortable.html">org.junit.tests.manipulation.SortableTest$TestClassRunnerIsSortable</a>
</td>
<td>5</td>
<td>0</td>
<td>0</td>
<td>0.003s</td>
<td class="success">100%</td>
</tr>
<tr>
<td class="success">
<a href="classes/org.junit.tests.manipulation.SortableTest$TestClassRunnerIsSortableWithSuiteMethod.html">org.junit.tests.manipulation.SortableTest$TestClassRunnerIsSortableWithSuiteMethod</a>
</td>
<td>2</td>
<td>0</td>
<td>0</td>
<td>0.001s</td>
<td class="success">100%</td>
</tr>
<tr>
<td class="success">
<a href="classes/org.junit.tests.manipulation.SortableTest$TestOnlySortableClassRunnerIsSortable.html">org.junit.tests.manipulation.SortableTest$TestOnlySortableClassRunnerIsSortable</a>
</td>
<td>2</td>
<td>0</td>
<td>0</td>
<td>0.002s</td>
<td class="success">100%</td>
</tr>
<tr>
<td class="success">
<a href="classes/org.junit.tests.manipulation.SortableTest$UnsortableRunnersAreHandledWithoutCrashing.html">org.junit.tests.manipulation.SortableTest$UnsortableRunnersAreHandledWithoutCrashing</a>
</td>
<td>1</td>
<td>0</td>
<td>0</td>
<td>0.001s</td>
<td class="success">100%</td>
</tr>
<tr>
<td class="success">
<a href="classes/org.junit.tests.running.classes.BlockJUnit4ClassRunnerTest.html">org.junit.tests.running.classes.BlockJUnit4ClassRunnerTest</a>
</td>
<td>2</td>
<td>0</td>
<td>0</td>
<td>0.002s</td>
<td class="success">100%</td>
</tr>
<tr>
<td class="success">
<a href="classes/org.junit.tests.running.classes.ClassLevelMethodsWithIgnoredTestsTest.html">org.junit.tests.running.classes.ClassLevelMethodsWithIgnoredTestsTest</a>
</td>
<td>5</td>
<td>0</td>
<td>0</td>
<td>0.007s</td>
<td class="success">100%</td>
</tr>
<tr>
<td class="success">
<a href="classes/org.junit.tests.running.classes.EnclosedTest.html">org.junit.tests.running.classes.EnclosedTest</a>
</td>
<td>3</td>
<td>0</td>
<td>0</td>
<td>0.003s</td>
<td class="success">100%</td>
</tr>
<tr>
<td class="success">
<a href="classes/org.junit.tests.running.classes.IgnoreClassTest.html">org.junit.tests.running.classes.IgnoreClassTest</a>
</td>
<td>1</td>
<td>0</td>
<td>0</td>
<td>0.001s</td>
<td class="success">100%</td>
</tr>
<tr>
<td class="success">
<a href="classes/org.junit.tests.running.classes.ParameterizedTestTest.html">org.junit.tests.running.classes.ParameterizedTestTest</a>
</td>
<td>28</td>
<td>0</td>
<td>0</td>
<td>0.045s</td>
<td class="success">100%</td>
</tr>
<tr>
<td class="success">
<a href="classes/org.junit.tests.running.classes.ParentRunnerFilteringTest.html">org.junit.tests.running.classes.ParentRunnerFilteringTest</a>
</td>
<td>5</td>
<td>0</td>
<td>0</td>
<td>0.004s</td>
<td class="success">100%</td>
</tr>
<tr>
<td class="success">
<a href="classes/org.junit.tests.running.classes.ParentRunnerTest.html">org.junit.tests.running.classes.ParentRunnerTest</a>
</td>
<td>8</td>
<td>0</td>
<td>0</td>
<td>0.007s</td>
<td class="success">100%</td>
</tr>
<tr>
<td class="success">
<a href="classes/org.junit.tests.running.classes.RunWithTest.html">org.junit.tests.running.classes.RunWithTest</a>
</td>
<td>3</td>
<td>0</td>
<td>0</td>
<td>0.003s</td>
<td class="success">100%</td>
</tr>
<tr>
<td class="success">
<a href="classes/org.junit.tests.running.classes.SuiteTest.html">org.junit.tests.running.classes.SuiteTest</a>
</td>
<td>15</td>
<td>0</td>
<td>0</td>
<td>0.015s</td>
<td class="success">100%</td>
</tr>
<tr>
<td class="success">
<a href="classes/org.junit.tests.running.classes.ThreadsTest.html">org.junit.tests.running.classes.ThreadsTest</a>
</td>
<td>2</td>
<td>0</td>
<td>0</td>
<td>0.002s</td>
<td class="success">100%</td>
</tr>
<tr>
<td class="success">
<a href="classes/org.junit.tests.running.classes.UseSuiteAsASuperclassTest.html">org.junit.tests.running.classes.UseSuiteAsASuperclassTest</a>
</td>
<td>1</td>
<td>0</td>
<td>0</td>
<td>0.002s</td>
<td class="success">100%</td>
</tr>
<tr>
<td class="success">
<a href="classes/org.junit.tests.running.classes.parent.ParentRunnerClassLoaderTest.html">org.junit.tests.running.classes.parent.ParentRunnerClassLoaderTest</a>
</td>
<td>3</td>
<td>0</td>
<td>0</td>
<td>0.006s</td>
<td class="success">100%</td>
</tr>
<tr>
<td class="success">
<a href="classes/org.junit.tests.running.core.CommandLineTest.html">org.junit.tests.running.core.CommandLineTest</a>
</td>
<td>4</td>
<td>0</td>
<td>0</td>
<td>0.020s</td>
<td class="success">100%</td>
</tr>
<tr>
<td class="success">
<a href="classes/org.junit.tests.running.core.JUnitCoreReturnsCorrectExitCodeTest.html">org.junit.tests.running.core.JUnitCoreReturnsCorrectExitCodeTest</a>
</td>
<td>3</td>
<td>0</td>
<td>0</td>
<td>0.004s</td>
<td class="success">100%</td>
</tr>
<tr>
<td class="success">
<a href="classes/org.junit.tests.running.core.SystemExitTest.html">org.junit.tests.running.core.SystemExitTest</a>
</td>
<td>1</td>
<td>0</td>
<td>0</td>
<td>0.112s</td>
<td class="success">100%</td>
</tr>
<tr>
<td class="success">
<a href="classes/org.junit.tests.running.methods.AnnotationTest.html">org.junit.tests.running.methods.AnnotationTest</a>
</td>
<td>30</td>
<td>0</td>
<td>0</td>
<td>0.049s</td>
<td class="success">100%</td>
</tr>
<tr>
<td class="success">
<a href="classes/org.junit.tests.running.methods.ExpectedTest.html">org.junit.tests.running.methods.ExpectedTest</a>
</td>
<td>5</td>
<td>0</td>
<td>0</td>
<td>0.004s</td>
<td class="success">100%</td>
</tr>
<tr>
<td class="success">
<a href="classes/org.junit.tests.running.methods.InheritedTestTest.html">org.junit.tests.running.methods.InheritedTestTest</a>
</td>
<td>2</td>
<td>0</td>
<td>0</td>
<td>0.002s</td>
<td class="success">100%</td>
</tr>
<tr>
<td class="success">
<a href="classes/org.junit.tests.running.methods.ParameterizedTestMethodTest.html">org.junit.tests.running.methods.ParameterizedTestMethodTest</a>
</td>
<td>3</td>
<td>0</td>
<td>0</td>
<td>0.001s</td>
<td class="success">100%</td>
</tr>
<tr>
<td class="success">
<a href="classes/org.junit.tests.running.methods.TestMethodTest.html">org.junit.tests.running.methods.TestMethodTest</a>
</td>
<td>8</td>
<td>0</td>
<td>0</td>
<td>0.007s</td>
<td class="success">100%</td>
</tr>
<tr>
<td class="skipped">
<a href="classes/org.junit.tests.running.methods.TimeoutTest.html">org.junit.tests.running.methods.TimeoutTest</a>
</td>
<td>13</td>
<td>0</td>
<td>2</td>
<td>0.766s</td>
<td class="skipped">100%</td>
</tr>
<tr>
<td class="success">
<a href="classes/org.junit.tests.validation.BadlyFormedClassesTest.html">org.junit.tests.validation.BadlyFormedClassesTest</a>
</td>
<td>3</td>
<td>0</td>
<td>0</td>
<td>0.002s</td>
<td class="success">100%</td>
</tr>
<tr>
<td class="success">
<a href="classes/org.junit.tests.validation.FailedConstructionTest.html">org.junit.tests.validation.FailedConstructionTest</a>
</td>
<td>1</td>
<td>0</td>
<td>0</td>
<td>0s</td>
<td class="success">100%</td>
</tr>
<tr>
<td class="success">
<a href="classes/org.junit.tests.validation.ValidationTest.html">org.junit.tests.validation.ValidationTest</a>
</td>
<td>2</td>
<td>0</td>
<td>0</td>
<td>0.011s</td>
<td class="success">100%</td>
</tr>
<tr>
<td class="success">
<a href="classes/org.junit.validator.AnnotationValidatorFactoryTest.html">org.junit.validator.AnnotationValidatorFactoryTest</a>
</td>
<td>2</td>
<td>0</td>
<td>0</td>
<td>0.002s</td>
<td class="success">100%</td>
</tr>
<tr>
<td class="success">
<a href="classes/org.junit.validator.AnnotationsValidatorTest.html">org.junit.validator.AnnotationsValidatorTest</a>
</td>
<td>3</td>
<td>0</td>
<td>0</td>
<td>0.003s</td>
<td class="success">100%</td>
</tr>
<tr>
<td class="success">
<a href="classes/org.junit.validator.PublicClassValidatorTest.html">org.junit.validator.PublicClassValidatorTest</a>
</td>
<td>2</td>
<td>0</td>
<td>0</td>
<td>0s</td>
<td class="success">100%</td>
</tr>
</tbody>
</table>
</div>
</div>
<div id="footer">
<p>
<div>
<label class="hidden" id="label-for-line-wrapping-toggle" for="line-wrapping-toggle">Wrap lines
<input id="line-wrapping-toggle" type="checkbox" autocomplete="off"/>
</label>
</div>Generated by 
<a href="http://www.gradle.org">Gradle 7.4.2</a> at 15  2022 ., 18:13:09</p>
</div>
</div>
</body>
</html>
